# JRE version: Java(TM) SE Runtime Environment 18.9 (11.0.8+10) (build 11.0.8+10-LTS)
# Java VM: Java HotSpot(TM) 64-Bit Server VM 18.9 (11.0.8+10-LTS, mixed mode, tiered, compressed oops, g1 gc, windows-amd64)
Heap:
 garbage-first heap   total 262144K, used 106584K [0x00000000e0000000, 0x0000000100000000)
  region size 1024K, 93 young (95232K), 9 survivors (9216K)
 Metaspace       used 41640K, capacity 42605K, committed 42704K, reserved 292864K
  class space    used 5325K, capacity 5678K, committed 5760K, reserved 253952K
GC Heap History (10 events):
Event: 22.349 GC heap before
{Heap before GC invocations=2 (full 0):
 garbage-first heap   total 262144K, used 35385K [0x00000000e0000000, 0x0000000100000000)
  region size 1024K, 28 young (28672K), 1 survivors (1024K)
 Metaspace       used 10677K, capacity 10925K, committed 11264K, reserved 264192K
  class space    used 1108K, capacity 1196K, committed 1280K, reserved 253952K
}
Event: 22.354 GC heap after
{Heap after GC invocations=3 (full 0):
 garbage-first heap   total 262144K, used 13043K [0x00000000e0000000, 0x0000000100000000)
  region size 1024K, 4 young (4096K), 4 survivors (4096K)
 Metaspace       used 10677K, capacity 10925K, committed 11264K, reserved 264192K
  class space    used 1108K, capacity 1196K, committed 1280K, reserved 253952K
}
Event: 31.293 GC heap before
{Heap before GC invocations=3 (full 0):
 garbage-first heap   total 262144K, used 52979K [0x00000000e0000000, 0x0000000100000000)
  region size 1024K, 43 young (44032K), 4 survivors (4096K)
 Metaspace       used 18700K, capacity 19116K, committed 19328K, reserved 272384K
  class space    used 2227K, capacity 2379K, committed 2432K, reserved 253952K
}
Event: 31.304 GC heap after
{Heap after GC invocations=4 (full 0):
 garbage-first heap   total 262144K, used 15921K [0x00000000e0000000, 0x0000000100000000)
  region size 1024K, 3 young (3072K), 3 survivors (3072K)
 Metaspace       used 18700K, capacity 19116K, committed 19328K, reserved 272384K
  class space    used 2227K, capacity 2379K, committed 2432K, reserved 253952K
}
Event: 38.784 GC heap before
{Heap before GC invocations=4 (full 0):
 garbage-first heap   total 262144K, used 30257K [0x00000000e0000000, 0x0000000100000000)
  region size 1024K, 19 young (19456K), 3 survivors (3072K)
 Metaspace       used 20749K, capacity 21176K, committed 21296K, reserved 274432K
  class space    used 2494K, capacity 2640K, committed 2688K, reserved 253952K
}
Event: 38.792 GC heap after
{Heap after GC invocations=5 (full 0):
 garbage-first heap   total 262144K, used 16351K [0x00000000e0000000, 0x0000000100000000)
  region size 1024K, 4 young (4096K), 4 survivors (4096K)
 Metaspace       used 20749K, capacity 21176K, committed 21296K, reserved 274432K
  class space    used 2494K, capacity 2640K, committed 2688K, reserved 253952K
}
Event: 57.546 GC heap before
{Heap before GC invocations=6 (full 0):
 garbage-first heap   total 262144K, used 76767K [0x00000000e0000000, 0x0000000100000000)
  region size 1024K, 63 young (64512K), 4 survivors (4096K)
 Metaspace       used 28493K, capacity 29081K, committed 29232K, reserved 280576K
  class space    used 3707K, capacity 3919K, committed 3968K, reserved 253952K
}
Event: 57.558 GC heap after
{Heap after GC invocations=7 (full 0):
 garbage-first heap   total 262144K, used 18488K [0x00000000e0000000, 0x0000000100000000)
  region size 1024K, 6 young (6144K), 6 survivors (6144K)
 Metaspace       used 28493K, capacity 29081K, committed 29232K, reserved 280576K
  class space    used 3707K, capacity 3919K, committed 3968K, reserved 253952K
}
Event: 76.731 GC heap before
{Heap before GC invocations=7 (full 0):
 garbage-first heap   total 262144K, used 47160K [0x00000000e0000000, 0x0000000100000000)
  region size 1024K, 33 young (33792K), 6 survivors (6144K)
 Metaspace       used 35154K, capacity 35784K, committed 35920K, reserved 286720K
  class space    used 4327K, capacity 4553K, committed 4608K, reserved 253952K
}
Event: 76.747 GC heap after
{Heap after GC invocations=8 (full 0):
 garbage-first heap   total 262144K, used 21592K [0x00000000e0000000, 0x0000000100000000)
  region size 1024K, 9 young (9216K), 9 survivors (9216K)
 Metaspace       used 35154K, capacity 35784K, committed 35920K, reserved 286720K
  class space    used 4327K, capacity 4553K, committed 4608K, reserved 253952K
}

